build/outputs/logs/manifest-merger-debug-report.txt
-- Merging decision tree log ---
manifest
ADDED from PMWS_as\AndroidManifest.xml:2:1-123:12
	package
		ADDED from PMWS_as\AndroidManifest.xml:3:5-36
	android:versionName
		ADDED from PMWS_as\AndroidManifest.xml:5:5-30
		INJECTED from PMWS_as\AndroidManifest.xml
		INJECTED from PMWS_as\AndroidManifest.xml
	android:versionCode
		ADDED from PMWS_as\AndroidManifest.xml:4:5-28
		INJECTED from PMWS_as\AndroidManifest.xml
		INJECTED from PMWS_as\AndroidManifest.xml
	xmlns:android
		ADDED from PMWS_as\AndroidManifest.xml:2:11-69
uses-sdk
ADDED from PMWS_as\AndroidManifest.xml:7:5-9:41
	android:targetSdkVersion
		ADDED from PMWS_as\AndroidManifest.xml:9:9-38
	android:minSdkVersion
		ADDED from PMWS_as\AndroidManifest.xml:8:9-35
uses-feature#android.hardware.camera
ADDED from PMWS_as\AndroidManifest.xml:11:5-60
	android:name
		ADDED from PMWS_as\AndroidManifest.xml:11:19-57
uses-permission#android.permission.CAMERA
ADDED from PMWS_as\AndroidManifest.xml:13:5-65
	android:name
		ADDED from PMWS_as\AndroidManifest.xml:13:22-62
uses-permission#android.permission.WRITE_EXTERNAL_STORAGE
ADDED from PMWS_as\AndroidManifest.xml:14:5-81
	android:name
		ADDED from PMWS_as\AndroidManifest.xml:14:22-78
uses-permission#android.permission.READ_EXTERNAL_STORAGE
ADDED from PMWS_as\AndroidManifest.xml:15:5-80
	android:name
		ADDED from PMWS_as\AndroidManifest.xml:15:22-77
uses-permission#android.permission.MOUNT_UNMOUNT_FILESYSTEMS
ADDED from PMWS_as\AndroidManifest.xml:16:5-84
	android:name
		ADDED from PMWS_as\AndroidManifest.xml:16:22-81
uses-permission#android.permission.ACCESS_COARSE_LOCATION
ADDED from PMWS_as\AndroidManifest.xml:17:5-81
	android:name
		ADDED from PMWS_as\AndroidManifest.xml:17:22-78
uses-permission#android.permission.RECORD_AUDIO
ADDED from PMWS_as\AndroidManifest.xml:18:5-71
	android:name
		ADDED from PMWS_as\AndroidManifest.xml:18:22-68
uses-permission#android.permission.RECORD_VIDEO
ADDED from PMWS_as\AndroidManifest.xml:19:5-71
	android:name
		ADDED from PMWS_as\AndroidManifest.xml:19:22-68
uses-permission#android.permission.ACCESS_FINE_LOCATION
ADDED from PMWS_as\AndroidManifest.xml:20:5-79
	android:name
		ADDED from PMWS_as\AndroidManifest.xml:20:22-76
uses-permission#android.permission.SYSTEM_ALERT_WINDOW
ADDED from PMWS_as\AndroidManifest.xml:21:5-78
	android:name
		ADDED from PMWS_as\AndroidManifest.xml:21:22-75
uses-permission#android.permission.WAKE_LOCK
ADDED from PMWS_as\AndroidManifest.xml:22:5-68
	android:name
		ADDED from PMWS_as\AndroidManifest.xml:22:22-65
uses-permission#android.permission.MODIFY_AUDIO_SETTINGS
ADDED from PMWS_as\AndroidManifest.xml:23:5-80
	android:name
		ADDED from PMWS_as\AndroidManifest.xml:23:22-77
uses-permission#android.permission.WRITE_SETTINGS
ADDED from PMWS_as\AndroidManifest.xml:24:5-73
	android:name
		ADDED from PMWS_as\AndroidManifest.xml:24:22-70
uses-permission#android.permission.READ_PHONE_STATE
ADDED from PMWS_as\AndroidManifest.xml:25:5-75
	android:name
		ADDED from PMWS_as\AndroidManifest.xml:25:22-72
uses-permission#android.permission.WRITE_USER_DICTIONARY
ADDED from PMWS_as\AndroidManifest.xml:26:5-80
	android:name
		ADDED from PMWS_as\AndroidManifest.xml:26:22-77
uses-permission#android.permission.INTERACT_ACROSS_USERS_FULL
ADDED from PMWS_as\AndroidManifest.xml:28:5-85
	android:name
		ADDED from PMWS_as\AndroidManifest.xml:28:22-82
uses-permission#android.permission.INTERNET
ADDED from PMWS_as\AndroidManifest.xml:29:5-67
	android:name
		ADDED from PMWS_as\AndroidManifest.xml:29:22-64
uses-permission#android.permission.ACCESS_NETWORK_STATE
ADDED from PMWS_as\AndroidManifest.xml:30:5-79
	android:name
		ADDED from PMWS_as\AndroidManifest.xml:30:22-76
uses-permission#android.permission.RECEIVE_SMS
ADDED from PMWS_as\AndroidManifest.xml:31:5-70
	android:name
		ADDED from PMWS_as\AndroidManifest.xml:31:22-67
uses-permission#android.permission.READ_SMS
ADDED from PMWS_as\AndroidManifest.xml:32:5-67
	android:name
		ADDED from PMWS_as\AndroidManifest.xml:32:22-64
uses-permission#android.permission.SEND_SMS
ADDED from PMWS_as\AndroidManifest.xml:33:5-67
	android:name
		ADDED from PMWS_as\AndroidManifest.xml:33:22-64
uses-permission#android.permission.WRITE_SMS
ADDED from PMWS_as\AndroidManifest.xml:35:5-68
	android:name
		ADDED from PMWS_as\AndroidManifest.xml:35:22-65
application
ADDED from PMWS_as\AndroidManifest.xml:39:5-121:19
	android:label
		ADDED from PMWS_as\AndroidManifest.xml:43:9-41
	android:allowBackup
		ADDED from PMWS_as\AndroidManifest.xml:41:9-35
	android:icon
		ADDED from PMWS_as\AndroidManifest.xml:42:9-40
	android:theme
		ADDED from PMWS_as\AndroidManifest.xml:44:9-40
	android:name
		ADDED from PMWS_as\AndroidManifest.xml:40:9-38
activity#com.leng.hiddencamera.Pingmws_SetActivity
ADDED from PMWS_as\AndroidManifest.xml:48:9-56:20
	android:label
		ADDED from PMWS_as\AndroidManifest.xml:50:13-33
	android:name
		ADDED from PMWS_as\AndroidManifest.xml:49:13-48
intent-filter#android.intent.action.MAIN+android.intent.category.LAUNCHER
ADDED from PMWS_as\AndroidManifest.xml:51:13-55:29
action#android.intent.action.MAIN
ADDED from PMWS_as\AndroidManifest.xml:52:17-69
	android:name
		ADDED from PMWS_as\AndroidManifest.xml:52:25-66
category#android.intent.category.LAUNCHER
ADDED from PMWS_as\AndroidManifest.xml:54:17-77
	android:name
		ADDED from PMWS_as\AndroidManifest.xml:54:27-74
activity#com.leng.hiddencamera.MainActivity2
ADDED from PMWS_as\AndroidManifest.xml:57:9-68:20
	android:label
		ADDED from PMWS_as\AndroidManifest.xml:59:13-45
	android:theme
		ADDED from PMWS_as\AndroidManifest.xml:60:13-56
	android:name
		ADDED from PMWS_as\AndroidManifest.xml:58:13-42
activity#com.leng.hiddencamera.zipthings.MyFileManager
ADDED from PMWS_as\AndroidManifest.xml:69:9-71:59
	android:theme
		ADDED from PMWS_as\AndroidManifest.xml:71:13-56
	android:name
		ADDED from PMWS_as\AndroidManifest.xml:70:13-52
activity#com.leng.hiddencamera.zipthings.AlertActivity
ADDED from PMWS_as\AndroidManifest.xml:72:9-74:59
	android:theme
		ADDED from PMWS_as\AndroidManifest.xml:74:13-56
	android:name
		ADDED from PMWS_as\AndroidManifest.xml:73:13-52
service#com.leng.hiddencamera.CameraActivity
ADDED from PMWS_as\AndroidManifest.xml:87:9-51
	android:name
		ADDED from PMWS_as\AndroidManifest.xml:87:18-48
service#com.leng.hiddencamera.MediaRecordService
ADDED from PMWS_as\AndroidManifest.xml:88:9-55
	android:name
		ADDED from PMWS_as\AndroidManifest.xml:88:18-52
activity#com.leng.hiddencamera.SuperManagerActivity
ADDED from PMWS_as\AndroidManifest.xml:90:9-58
	android:name
		ADDED from PMWS_as\AndroidManifest.xml:90:19-55
service#com.leng.hiddencamera.zipthings.ZipFileService
ADDED from PMWS_as\AndroidManifest.xml:92:9-61
	android:name
		ADDED from PMWS_as\AndroidManifest.xml:92:18-58
service#com.leng.hiddencamera.zipthings.unZipFileService
ADDED from PMWS_as\AndroidManifest.xml:93:9-63
	android:name
		ADDED from PMWS_as\AndroidManifest.xml:93:18-60
receiver#com.leng.hiddencamera.zipthings.AlarmReceiver
ADDED from PMWS_as\AndroidManifest.xml:95:9-61
	android:name
		ADDED from PMWS_as\AndroidManifest.xml:95:19-58
receiver#com.leng.hiddencamera.zipthings.unZippAlarmReceiver
ADDED from PMWS_as\AndroidManifest.xml:96:9-67
	android:name
		ADDED from PMWS_as\AndroidManifest.xml:96:19-64
receiver#com.leng.hiddencamera.zipthings.SmsReciver
ADDED from PMWS_as\AndroidManifest.xml:97:9-101:20
	android:name
		ADDED from PMWS_as\AndroidManifest.xml:97:19-55
intent-filter#android.provider.Telephony.SMS_RECEIVED
ADDED from PMWS_as\AndroidManifest.xml:98:13-100:29
	android:priority
		ADDED from PMWS_as\AndroidManifest.xml:98:28-50
action#android.provider.Telephony.SMS_RECEIVED
ADDED from PMWS_as\AndroidManifest.xml:99:17-82
	android:name
		ADDED from PMWS_as\AndroidManifest.xml:99:25-79
service#com.leng.hiddencamera.RobMoney
ADDED from PMWS_as\AndroidManifest.xml:104:9-117:19
	android:enabled
		ADDED from PMWS_as\AndroidManifest.xml:106:13-35
	android:label
		ADDED from PMWS_as\AndroidManifest.xml:108:13-45
	android:exported
		ADDED from PMWS_as\AndroidManifest.xml:107:13-36
	android:permission
		ADDED from PMWS_as\AndroidManifest.xml:109:13-79
	android:name
		ADDED from PMWS_as\AndroidManifest.xml:105:13-37
intent-filter#android.accessibilityservice.AccessibilityService
ADDED from PMWS_as\AndroidManifest.xml:110:13-112:29
action#android.accessibilityservice.AccessibilityService
ADDED from PMWS_as\AndroidManifest.xml:111:17-92
	android:name
		ADDED from PMWS_as\AndroidManifest.xml:111:25-89
meta-data#android.accessibilityservice
ADDED from PMWS_as\AndroidManifest.xml:114:13-116:62
	android:resource
		ADDED from PMWS_as\AndroidManifest.xml:116:17-59
	android:name
		ADDED from PMWS_as\AndroidManifest.xml:115:17-60
service#com.leng.hiddencamera.MyServiceStart
ADDED from PMWS_as\AndroidManifest.xml:120:9-59
	android:name
		ADDED from PMWS_as\AndroidManifest.xml:120:18-48